[2020-09-18 13:26:54.653] [exthost] [info] extension host started
[2020-09-18 13:26:54.665] [exthost] [info] ExtensionService#_doActivateExtension vscode.microsoft-authentication {"startup":false,"extensionId":{"value":"vscode.microsoft-authentication","_lower":"vscode.microsoft-authentication"},"activationEvent":"onAuthenticationRequest:microsoft"}
[2020-09-18 13:26:54.665] [exthost] [info] ExtensionService#loadCommonJSModule file:///home/zanark/Softwares/VSCode-linux-x64/resources/app/extensions/microsoft-authentication/dist/extension.js
[2020-09-18 13:26:54.671] [exthost] [info] ExtensionService#_doActivateExtension vscode.github-authentication {"startup":false,"extensionId":{"value":"vscode.github-authentication","_lower":"vscode.github-authentication"},"activationEvent":"onAuthenticationRequest:github"}
[2020-09-18 13:26:54.671] [exthost] [info] ExtensionService#loadCommonJSModule file:///home/zanark/Softwares/VSCode-linux-x64/resources/app/extensions/github-authentication/dist/extension.js
[2020-09-18 13:26:54.675] [exthost] [info] ExtensionService#_doActivateExtension vscode.debug-auto-launch {"startup":true,"extensionId":{"value":"vscode.debug-auto-launch","_lower":"vscode.debug-auto-launch"},"activationEvent":"*"}
[2020-09-18 13:26:54.675] [exthost] [info] ExtensionService#loadCommonJSModule file:///home/zanark/Softwares/VSCode-linux-x64/resources/app/extensions/debug-auto-launch/dist/extension
[2020-09-18 13:26:54.677] [exthost] [info] ExtensionService#_doActivateExtension vscode.emmet {"startup":true,"extensionId":{"value":"vscode.emmet","_lower":"vscode.emmet"},"activationEvent":"*"}
[2020-09-18 13:26:54.677] [exthost] [info] ExtensionService#loadCommonJSModule file:///home/zanark/Softwares/VSCode-linux-x64/resources/app/extensions/emmet/dist/node/emmetNodeMain
[2020-09-18 13:26:54.684] [exthost] [info] ExtensionService#_doActivateExtension vscode.git {"startup":true,"extensionId":{"value":"vscode.github","_lower":"vscode.github"},"activationEvent":"*"}
[2020-09-18 13:26:54.684] [exthost] [info] ExtensionService#loadCommonJSModule file:///home/zanark/Softwares/VSCode-linux-x64/resources/app/extensions/git/dist/main
[2020-09-18 13:26:54.696] [exthost] [info] ExtensionService#_doActivateExtension vscode.merge-conflict {"startup":true,"extensionId":{"value":"vscode.merge-conflict","_lower":"vscode.merge-conflict"},"activationEvent":"*"}
[2020-09-18 13:26:54.696] [exthost] [info] ExtensionService#loadCommonJSModule file:///home/zanark/Softwares/VSCode-linux-x64/resources/app/extensions/merge-conflict/dist/mergeConflictMain
[2020-09-18 13:26:54.697] [exthost] [info] ExtensionService#_doActivateExtension vscode.search-result {"startup":true,"extensionId":{"value":"vscode.search-result","_lower":"vscode.search-result"},"activationEvent":"*"}
[2020-09-18 13:26:54.698] [exthost] [info] ExtensionService#loadCommonJSModule file:///home/zanark/Softwares/VSCode-linux-x64/resources/app/extensions/search-result/dist/extension.js
[2020-09-18 13:26:54.698] [exthost] [info] ExtensionService#_doActivateExtension PKief.material-icon-theme {"startup":true,"extensionId":{"value":"PKief.material-icon-theme","_lower":"pkief.material-icon-theme"},"activationEvent":"*"}
[2020-09-18 13:26:54.698] [exthost] [info] ExtensionService#loadCommonJSModule file:///home/zanark/.vscode/extensions/pkief.material-icon-theme-4.3.0/dist/extension
[2020-09-18 13:26:54.737] [exthost] [info] ExtensionService#_doActivateExtension vscode.github {"startup":true,"extensionId":{"value":"vscode.github","_lower":"vscode.github"},"activationEvent":"*"}
[2020-09-18 13:26:54.737] [exthost] [info] ExtensionService#loadCommonJSModule file:///home/zanark/Softwares/VSCode-linux-x64/resources/app/extensions/github/dist/extension.js
[2020-09-18 13:26:54.759] [exthost] [info] eager extensions activated
[2020-09-18 13:27:02.932] [exthost] [info] ExtensionService#_doActivateExtension vscode.html-language-features {"startup":false,"extensionId":{"value":"vscode.html-language-features","_lower":"vscode.html-language-features"},"activationEvent":"onLanguage:html"}
[2020-09-18 13:27:02.932] [exthost] [info] ExtensionService#loadCommonJSModule file:///home/zanark/Softwares/VSCode-linux-x64/resources/app/extensions/html-language-features/client/dist/node/htmlClientMain
[2020-09-18 13:29:48.005] [exthost] [info] ExtensionService#_doActivateExtension vscode.configuration-editing {"startup":false,"extensionId":{"value":"vscode.configuration-editing","_lower":"vscode.configuration-editing"},"activationEvent":"onLanguage:jsonc"}
[2020-09-18 13:29:48.006] [exthost] [info] ExtensionService#loadCommonJSModule file:///home/zanark/Softwares/VSCode-linux-x64/resources/app/extensions/configuration-editing/dist/configurationEditingMain
[2020-09-18 13:29:48.010] [exthost] [info] ExtensionService#_doActivateExtension vscode.json-language-features {"startup":false,"extensionId":{"value":"vscode.json-language-features","_lower":"vscode.json-language-features"},"activationEvent":"onLanguage:jsonc"}
[2020-09-18 13:29:48.010] [exthost] [info] ExtensionService#loadCommonJSModule file:///home/zanark/Softwares/VSCode-linux-x64/resources/app/extensions/json-language-features/client/dist/node/jsonClientMain
[2020-09-18 13:29:48.023] [exthost] [info] ExtensionService#_doActivateExtension vscode.typescript-language-features {"startup":false,"extensionId":{"value":"vscode.typescript-language-features","_lower":"vscode.typescript-language-features"},"activationEvent":"onLanguage:jsonc"}
[2020-09-18 13:29:48.023] [exthost] [info] ExtensionService#loadCommonJSModule file:///home/zanark/Softwares/VSCode-linux-x64/resources/app/extensions/typescript-language-features/dist/extension
[2020-09-18 13:31:22.252] [exthost] [info] ExtensionService#_doActivateExtension vscode.extension-editing {"startup":false,"extensionId":{"value":"vscode.extension-editing","_lower":"vscode.extension-editing"},"activationEvent":"onLanguage:markdown"}
[2020-09-18 13:31:22.252] [exthost] [info] ExtensionService#loadCommonJSModule file:///home/zanark/Softwares/VSCode-linux-x64/resources/app/extensions/extension-editing/dist/extensionEditingMain
[2020-09-18 13:31:22.256] [exthost] [info] ExtensionService#_doActivateExtension vscode.markdown-language-features {"startup":false,"extensionId":{"value":"vscode.markdown-language-features","_lower":"vscode.markdown-language-features"},"activationEvent":"onLanguage:markdown"}
[2020-09-18 13:31:22.256] [exthost] [info] ExtensionService#loadCommonJSModule file:///home/zanark/Softwares/VSCode-linux-x64/resources/app/extensions/markdown-language-features/dist/extension
