[2020-09-18 13:22:46.631] [exthost] [info] extension host started
[2020-09-18 13:22:46.648] [exthost] [info] ExtensionService#_doActivateExtension vscode.microsoft-authentication {"startup":false,"extensionId":{"value":"vscode.microsoft-authentication","_lower":"vscode.microsoft-authentication"},"activationEvent":"onAuthenticationRequest:microsoft"}
[2020-09-18 13:22:46.648] [exthost] [info] ExtensionService#loadCommonJSModule file:///home/zanark/Softwares/VSCode-linux-x64/resources/app/extensions/microsoft-authentication/dist/extension.js
[2020-09-18 13:22:46.663] [exthost] [info] ExtensionService#_doActivateExtension vscode.github-authentication {"startup":false,"extensionId":{"value":"vscode.github-authentication","_lower":"vscode.github-authentication"},"activationEvent":"onAuthenticationRequest:github"}
[2020-09-18 13:22:46.663] [exthost] [info] ExtensionService#loadCommonJSModule file:///home/zanark/Softwares/VSCode-linux-x64/resources/app/extensions/github-authentication/dist/extension.js
[2020-09-18 13:22:46.674] [exthost] [info] ExtensionService#_doActivateExtension vscode.debug-auto-launch {"startup":true,"extensionId":{"value":"vscode.debug-auto-launch","_lower":"vscode.debug-auto-launch"},"activationEvent":"*"}
[2020-09-18 13:22:46.674] [exthost] [info] ExtensionService#loadCommonJSModule file:///home/zanark/Softwares/VSCode-linux-x64/resources/app/extensions/debug-auto-launch/dist/extension
[2020-09-18 13:22:46.677] [exthost] [info] ExtensionService#_doActivateExtension vscode.emmet {"startup":true,"extensionId":{"value":"vscode.emmet","_lower":"vscode.emmet"},"activationEvent":"*"}
[2020-09-18 13:22:46.677] [exthost] [info] ExtensionService#loadCommonJSModule file:///home/zanark/Softwares/VSCode-linux-x64/resources/app/extensions/emmet/dist/node/emmetNodeMain
[2020-09-18 13:22:46.696] [exthost] [info] ExtensionService#_doActivateExtension vscode.git {"startup":true,"extensionId":{"value":"vscode.github","_lower":"vscode.github"},"activationEvent":"*"}
[2020-09-18 13:22:46.696] [exthost] [info] ExtensionService#loadCommonJSModule file:///home/zanark/Softwares/VSCode-linux-x64/resources/app/extensions/git/dist/main
[2020-09-18 13:22:46.755] [exthost] [info] ExtensionService#_doActivateExtension vscode.merge-conflict {"startup":true,"extensionId":{"value":"vscode.merge-conflict","_lower":"vscode.merge-conflict"},"activationEvent":"*"}
[2020-09-18 13:22:46.755] [exthost] [info] ExtensionService#loadCommonJSModule file:///home/zanark/Softwares/VSCode-linux-x64/resources/app/extensions/merge-conflict/dist/mergeConflictMain
[2020-09-18 13:22:46.758] [exthost] [info] ExtensionService#_doActivateExtension vscode.search-result {"startup":true,"extensionId":{"value":"vscode.search-result","_lower":"vscode.search-result"},"activationEvent":"*"}
[2020-09-18 13:22:46.759] [exthost] [info] ExtensionService#loadCommonJSModule file:///home/zanark/Softwares/VSCode-linux-x64/resources/app/extensions/search-result/dist/extension.js
[2020-09-18 13:22:46.800] [exthost] [info] ExtensionService#_doActivateExtension vscode.github {"startup":true,"extensionId":{"value":"vscode.github","_lower":"vscode.github"},"activationEvent":"*"}
[2020-09-18 13:22:46.800] [exthost] [info] ExtensionService#loadCommonJSModule file:///home/zanark/Softwares/VSCode-linux-x64/resources/app/extensions/github/dist/extension.js
[2020-09-18 13:22:46.821] [exthost] [info] eager extensions activated
[2020-09-18 13:24:18.582] [exthost] [info] ExtensionService#_doActivateExtension vscode.configuration-editing {"startup":false,"extensionId":{"value":"vscode.configuration-editing","_lower":"vscode.configuration-editing"},"activationEvent":"onLanguage:json"}
[2020-09-18 13:24:18.582] [exthost] [info] ExtensionService#loadCommonJSModule file:///home/zanark/Softwares/VSCode-linux-x64/resources/app/extensions/configuration-editing/dist/configurationEditingMain
[2020-09-18 13:24:18.592] [exthost] [info] ExtensionService#_doActivateExtension vscode.extension-editing {"startup":false,"extensionId":{"value":"vscode.extension-editing","_lower":"vscode.extension-editing"},"activationEvent":"onLanguage:json"}
[2020-09-18 13:24:18.593] [exthost] [info] ExtensionService#loadCommonJSModule file:///home/zanark/Softwares/VSCode-linux-x64/resources/app/extensions/extension-editing/dist/extensionEditingMain
[2020-09-18 13:24:18.612] [exthost] [info] ExtensionService#_doActivateExtension vscode.json-language-features {"startup":false,"extensionId":{"value":"vscode.json-language-features","_lower":"vscode.json-language-features"},"activationEvent":"onLanguage:json"}
[2020-09-18 13:24:18.612] [exthost] [info] ExtensionService#loadCommonJSModule file:///home/zanark/Softwares/VSCode-linux-x64/resources/app/extensions/json-language-features/client/dist/node/jsonClientMain
[2020-09-18 13:24:18.653] [exthost] [info] ExtensionService#_doActivateExtension ms-vscode.js-debug {"startup":false,"extensionId":{"value":"ms-vscode.js-debug","_lower":"ms-vscode.js-debug"},"activationEvent":"onLanguage:json"}
[2020-09-18 13:24:18.653] [exthost] [info] ExtensionService#loadCommonJSModule file:///home/zanark/Softwares/VSCode-linux-x64/resources/app/extensions/ms-vscode.js-debug/src/extension.js
[2020-09-18 13:24:18.941] [exthost] [info] ExtensionService#_doActivateExtension vscode.npm {"startup":false,"extensionId":{"value":"vscode.npm","_lower":"vscode.npm"},"activationEvent":"onLanguage:json"}
[2020-09-18 13:24:18.941] [exthost] [info] ExtensionService#loadCommonJSModule file:///home/zanark/Softwares/VSCode-linux-x64/resources/app/extensions/npm/dist/npmMain
[2020-09-18 13:24:23.508] [exthost] [info] ExtensionService#_doActivateExtension PKief.material-icon-theme {"startup":false,"extensionId":{"value":"PKief.material-icon-theme","_lower":"pkief.material-icon-theme"},"activationEvent":"*"}
[2020-09-18 13:24:23.508] [exthost] [info] ExtensionService#loadCommonJSModule file:///home/zanark/.vscode/extensions/pkief.material-icon-theme-4.3.0/dist/extension
[2020-09-18 13:24:26.941] [exthost] [info] ExtensionService#_doActivateExtension vscode.typescript-language-features {"startup":false,"extensionId":{"value":"vscode.typescript-language-features","_lower":"vscode.typescript-language-features"},"activationEvent":"onLanguage:jsonc"}
[2020-09-18 13:24:26.941] [exthost] [info] ExtensionService#loadCommonJSModule file:///home/zanark/Softwares/VSCode-linux-x64/resources/app/extensions/typescript-language-features/dist/extension
[2020-09-18 13:24:53.600] [exthost] [info] ExtensionService#_doActivateExtension zhuangtongfa.material-theme {"startup":false,"extensionId":{"value":"zhuangtongfa.material-theme","_lower":"zhuangtongfa.material-theme"},"activationEvent":"*"}
[2020-09-18 13:24:53.600] [exthost] [info] ExtensionService#loadCommonJSModule file:///home/zanark/.vscode/extensions/zhuangtongfa.material-theme-3.8.7/out/extension.js
[2020-09-18 13:25:22.124] [exthost] [info] extension host started
[2020-09-18 13:25:22.131] [exthost] [info] ExtensionService#_doActivateExtension vscode.microsoft-authentication {"startup":false,"extensionId":{"value":"vscode.microsoft-authentication","_lower":"vscode.microsoft-authentication"},"activationEvent":"onAuthenticationRequest:microsoft"}
[2020-09-18 13:25:22.131] [exthost] [info] ExtensionService#loadCommonJSModule file:///home/zanark/Softwares/VSCode-linux-x64/resources/app/extensions/microsoft-authentication/dist/extension.js
[2020-09-18 13:25:22.137] [exthost] [info] ExtensionService#_doActivateExtension vscode.github-authentication {"startup":false,"extensionId":{"value":"vscode.github-authentication","_lower":"vscode.github-authentication"},"activationEvent":"onAuthenticationRequest:github"}
[2020-09-18 13:25:22.137] [exthost] [info] ExtensionService#loadCommonJSModule file:///home/zanark/Softwares/VSCode-linux-x64/resources/app/extensions/github-authentication/dist/extension.js
[2020-09-18 13:25:22.141] [exthost] [info] ExtensionService#_doActivateExtension vscode.debug-auto-launch {"startup":true,"extensionId":{"value":"vscode.debug-auto-launch","_lower":"vscode.debug-auto-launch"},"activationEvent":"*"}
[2020-09-18 13:25:22.141] [exthost] [info] ExtensionService#loadCommonJSModule file:///home/zanark/Softwares/VSCode-linux-x64/resources/app/extensions/debug-auto-launch/dist/extension
[2020-09-18 13:25:22.142] [exthost] [info] ExtensionService#_doActivateExtension vscode.emmet {"startup":true,"extensionId":{"value":"vscode.emmet","_lower":"vscode.emmet"},"activationEvent":"*"}
[2020-09-18 13:25:22.142] [exthost] [info] ExtensionService#loadCommonJSModule file:///home/zanark/Softwares/VSCode-linux-x64/resources/app/extensions/emmet/dist/node/emmetNodeMain
[2020-09-18 13:25:22.149] [exthost] [info] ExtensionService#_doActivateExtension vscode.git {"startup":true,"extensionId":{"value":"vscode.github","_lower":"vscode.github"},"activationEvent":"*"}
[2020-09-18 13:25:22.149] [exthost] [info] ExtensionService#loadCommonJSModule file:///home/zanark/Softwares/VSCode-linux-x64/resources/app/extensions/git/dist/main
[2020-09-18 13:25:22.163] [exthost] [info] ExtensionService#_doActivateExtension vscode.merge-conflict {"startup":true,"extensionId":{"value":"vscode.merge-conflict","_lower":"vscode.merge-conflict"},"activationEvent":"*"}
[2020-09-18 13:25:22.163] [exthost] [info] ExtensionService#loadCommonJSModule file:///home/zanark/Softwares/VSCode-linux-x64/resources/app/extensions/merge-conflict/dist/mergeConflictMain
[2020-09-18 13:25:22.164] [exthost] [info] ExtensionService#_doActivateExtension vscode.search-result {"startup":true,"extensionId":{"value":"vscode.search-result","_lower":"vscode.search-result"},"activationEvent":"*"}
[2020-09-18 13:25:22.164] [exthost] [info] ExtensionService#loadCommonJSModule file:///home/zanark/Softwares/VSCode-linux-x64/resources/app/extensions/search-result/dist/extension.js
[2020-09-18 13:25:22.165] [exthost] [info] ExtensionService#_doActivateExtension PKief.material-icon-theme {"startup":true,"extensionId":{"value":"PKief.material-icon-theme","_lower":"pkief.material-icon-theme"},"activationEvent":"*"}
[2020-09-18 13:25:22.165] [exthost] [info] ExtensionService#loadCommonJSModule file:///home/zanark/.vscode/extensions/pkief.material-icon-theme-4.3.0/dist/extension
[2020-09-18 13:25:22.202] [exthost] [info] ExtensionService#_doActivateExtension vscode.github {"startup":true,"extensionId":{"value":"vscode.github","_lower":"vscode.github"},"activationEvent":"*"}
[2020-09-18 13:25:22.202] [exthost] [info] ExtensionService#loadCommonJSModule file:///home/zanark/Softwares/VSCode-linux-x64/resources/app/extensions/github/dist/extension.js
[2020-09-18 13:25:22.216] [exthost] [info] eager extensions activated
[2020-09-18 13:25:42.878] [exthost] [info] ExtensionService#_doActivateExtension vscode.configuration-editing {"startup":false,"extensionId":{"value":"vscode.configuration-editing","_lower":"vscode.configuration-editing"},"activationEvent":"onLanguage:json"}
[2020-09-18 13:25:42.878] [exthost] [info] ExtensionService#loadCommonJSModule file:///home/zanark/Softwares/VSCode-linux-x64/resources/app/extensions/configuration-editing/dist/configurationEditingMain
[2020-09-18 13:25:42.881] [exthost] [info] ExtensionService#_doActivateExtension vscode.extension-editing {"startup":false,"extensionId":{"value":"vscode.extension-editing","_lower":"vscode.extension-editing"},"activationEvent":"onLanguage:json"}
[2020-09-18 13:25:42.881] [exthost] [info] ExtensionService#loadCommonJSModule file:///home/zanark/Softwares/VSCode-linux-x64/resources/app/extensions/extension-editing/dist/extensionEditingMain
[2020-09-18 13:25:42.886] [exthost] [info] ExtensionService#_doActivateExtension vscode.json-language-features {"startup":false,"extensionId":{"value":"vscode.json-language-features","_lower":"vscode.json-language-features"},"activationEvent":"onLanguage:json"}
[2020-09-18 13:25:42.886] [exthost] [info] ExtensionService#loadCommonJSModule file:///home/zanark/Softwares/VSCode-linux-x64/resources/app/extensions/json-language-features/client/dist/node/jsonClientMain
[2020-09-18 13:25:42.932] [exthost] [info] ExtensionService#_doActivateExtension ms-vscode.js-debug {"startup":false,"extensionId":{"value":"ms-vscode.js-debug","_lower":"ms-vscode.js-debug"},"activationEvent":"onLanguage:json"}
[2020-09-18 13:25:42.932] [exthost] [info] ExtensionService#loadCommonJSModule file:///home/zanark/Softwares/VSCode-linux-x64/resources/app/extensions/ms-vscode.js-debug/src/extension.js
[2020-09-18 13:25:43.135] [exthost] [info] ExtensionService#_doActivateExtension vscode.npm {"startup":false,"extensionId":{"value":"vscode.npm","_lower":"vscode.npm"},"activationEvent":"onLanguage:json"}
[2020-09-18 13:25:43.135] [exthost] [info] ExtensionService#loadCommonJSModule file:///home/zanark/Softwares/VSCode-linux-x64/resources/app/extensions/npm/dist/npmMain
[2020-09-18 13:26:16.936] [exthost] [info] ExtensionService#_doActivateExtension vscode.typescript-language-features {"startup":false,"extensionId":{"value":"vscode.typescript-language-features","_lower":"vscode.typescript-language-features"},"activationEvent":"onLanguage:jsonc"}
[2020-09-18 13:26:16.937] [exthost] [info] ExtensionService#loadCommonJSModule file:///home/zanark/Softwares/VSCode-linux-x64/resources/app/extensions/typescript-language-features/dist/extension
