[2019-01-10 00:40:21.238] [exthost] [info] extension host started
[2019-01-10 00:40:21.269] [exthost] [info] ExtensionService#_doActivateExtension vscode.debug-auto-launch {"startup":true,"activationEvent":"*"}
[2019-01-10 00:40:21.269] [exthost] [info] ExtensionService#loadCommonJSModule /home/zanark/Softwares/VSCode-linux-x64/resources/app/extensions/debug-auto-launch/dist/extension
[2019-01-10 00:40:21.378] [exthost] [info] ExtensionService#_doActivateExtension vscode.emmet {"startup":true,"activationEvent":"*"}
[2019-01-10 00:40:21.378] [exthost] [info] ExtensionService#loadCommonJSModule /home/zanark/Softwares/VSCode-linux-x64/resources/app/extensions/emmet/dist/extension
[2019-01-10 00:40:21.401] [exthost] [info] ExtensionService#_doActivateExtension vscode.git {"startup":true,"activationEvent":"*"}
[2019-01-10 00:40:21.401] [exthost] [info] ExtensionService#loadCommonJSModule /home/zanark/Softwares/VSCode-linux-x64/resources/app/extensions/git/dist/main
[2019-01-10 00:40:21.642] [exthost] [info] ExtensionService#_doActivateExtension vscode.merge-conflict {"startup":true,"activationEvent":"*"}
[2019-01-10 00:40:21.642] [exthost] [info] ExtensionService#loadCommonJSModule /home/zanark/Softwares/VSCode-linux-x64/resources/app/extensions/merge-conflict/dist/extension
[2019-01-10 00:40:21.654] [exthost] [info] ExtensionService#_doActivateExtension lihui.vs-color-picker {"startup":true,"activationEvent":"*"}
[2019-01-10 00:40:21.654] [exthost] [info] ExtensionService#loadCommonJSModule /home/zanark/.vscode/extensions/lihui.vs-color-picker-1.0.0/out/src/extension
[2019-01-10 00:40:21.776] [exthost] [info] eager extensions activated
[2019-01-10 00:45:03.316] [exthost] [info] ExtensionService#_doActivateExtension vscode.css-language-features {"startup":false,"activationEvent":"onLanguage:css"}
[2019-01-10 00:45:03.316] [exthost] [info] ExtensionService#loadCommonJSModule /home/zanark/Softwares/VSCode-linux-x64/resources/app/extensions/css-language-features/client/dist/cssMain
[2019-01-10 02:00:36.136] [exthost] [info] ExtensionService#_doActivateExtension vscode.configuration-editing {"startup":false,"activationEvent":"onLanguage:jsonc"}
[2019-01-10 02:00:36.136] [exthost] [info] ExtensionService#loadCommonJSModule /home/zanark/Softwares/VSCode-linux-x64/resources/app/extensions/configuration-editing/dist/extension
[2019-01-10 02:00:36.212] [exthost] [info] ExtensionService#_doActivateExtension vscode.json-language-features {"startup":false,"activationEvent":"onLanguage:jsonc"}
[2019-01-10 02:00:36.212] [exthost] [info] ExtensionService#loadCommonJSModule /home/zanark/Softwares/VSCode-linux-x64/resources/app/extensions/json-language-features/client/dist/jsonMain
[2019-01-10 02:00:36.259] [exthost] [info] ExtensionService#_doActivateExtension vscode.typescript-language-features {"startup":false,"activationEvent":"onLanguage:jsonc"}
[2019-01-10 02:00:36.259] [exthost] [info] ExtensionService#loadCommonJSModule /home/zanark/Softwares/VSCode-linux-x64/resources/app/extensions/typescript-language-features/dist/extension
